2018-09-07 12:43:35,233 [Worker-4] INFO  c.g.t.t.d.PublishedGradleVersions - Gradle version information cache is out-of-date. Trying to update.
2018-09-07 12:46:32,193 [Worker-2] INFO  o.e.m.c.i.l.LifecycleMappingFactory - Using org.maven.ide.eclipse.wtp.WarLifecycleMapping lifecycle mapping for MavenProject: JSFWebapp:JSFWebapp:0.0.1-SNAPSHOT @ C:\Users\smewl\Documents\JSF_Workspace\Project_9\JSFWebapp\pom.xml.
2018-09-07 12:46:34,024 [Worker-11] WARN  o.e.m.c.i.embedder.EclipseLogger - Using platform encoding (Cp1252 actually) to copy filtered resources, i.e. build is platform dependent!
2018-09-07 12:46:34,029 [Worker-11] INFO  o.e.m.c.i.embedder.EclipseLogger - skip non existing resourceDirectory C:\Users\smewl\Documents\JSF_Workspace\Project_9\JSFWebapp\src\main\resources
2018-09-07 12:46:34,032 [Worker-11] WARN  o.e.m.c.i.embedder.EclipseLogger - Using platform encoding (Cp1252 actually) to copy filtered resources, i.e. build is platform dependent!
2018-09-07 12:46:34,036 [Worker-11] INFO  o.e.m.c.i.embedder.EclipseLogger - skip non existing resourceDirectory C:\Users\smewl\Documents\JSF_Workspace\Project_9\JSFWebapp\src\test\resources
2018-09-07 12:46:34,077 [Worker-2] INFO  o.e.m.j.i.AbstractJavaProjectConfigurator - Adding source folder /JSFWebapp/src
2018-09-07 12:46:34,077 [Worker-2] INFO  o.e.m.j.i.AbstractJavaProjectConfigurator - Not adding source folder /JSFWebapp/src/test/java because it overlaps with /JSFWebapp/src
2018-09-07 12:46:34,530 [Worker-2] INFO  o.e.m.c.i.p.ProjectConfigurationManager - Update started
2018-09-07 12:46:34,963 [Worker-2] INFO  o.e.m.c.i.l.LifecycleMappingFactory - Using org.maven.ide.eclipse.wtp.WarLifecycleMapping lifecycle mapping for MavenProject: JSFWebapp:JSFWebapp:0.0.1-SNAPSHOT @ C:\Users\smewl\Documents\JSF_Workspace\Project_9\JSFWebapp\pom.xml.
2018-09-07 12:46:35,664 [Worker-2] INFO  o.e.m.j.i.AbstractJavaProjectConfigurator - Adding source folder /JSFWebapp/src
2018-09-07 12:46:35,665 [Worker-2] INFO  o.e.m.j.i.AbstractJavaProjectConfigurator - Not adding source folder /JSFWebapp/src/test/java because it overlaps with /JSFWebapp/src
2018-09-07 12:46:35,842 [Worker-2] INFO  o.e.m.w.i.f.ResourceFilteringBuildParticipant - Cleaning filtered folder for JSFWebapp
2018-09-07 12:46:35,872 [Worker-2] INFO  o.e.m.c.i.p.ProjectConfigurationManager - Update completed: 1 sec
2018-09-07 12:46:36,001 [Worker-3] WARN  o.e.m.c.i.embedder.EclipseLogger - Using platform encoding (Cp1252 actually) to copy filtered resources, i.e. build is platform dependent!
2018-09-07 12:46:36,004 [Worker-3] INFO  o.e.m.c.i.embedder.EclipseLogger - skip non existing resourceDirectory C:\Users\smewl\Documents\JSF_Workspace\Project_9\JSFWebapp\src\main\resources
2018-09-07 12:46:36,007 [Worker-3] WARN  o.e.m.c.i.embedder.EclipseLogger - Using platform encoding (Cp1252 actually) to copy filtered resources, i.e. build is platform dependent!
2018-09-07 12:46:36,009 [Worker-3] INFO  o.e.m.c.i.embedder.EclipseLogger - skip non existing resourceDirectory C:\Users\smewl\Documents\JSF_Workspace\Project_9\JSFWebapp\src\test\resources
2018-09-07 12:46:36,010 [Worker-3] INFO  o.e.m.w.i.f.ResourceFilteringBuildParticipant - Changed resources require a complete clean of filtered resources of JSFWebapp
2018-09-07 12:46:36,010 [Worker-3] INFO  o.e.m.w.i.f.ResourceFilteringBuildParticipant - Executing resource filtering for JSFWebapp
2018-09-07 12:46:36,034 [Worker-3] WARN  o.e.m.c.i.embedder.EclipseLogger - Using platform encoding (Cp1252 actually) to copy filtered resources, i.e. build is platform dependent!
2018-09-07 12:49:11,932 [Worker-5] WARN  o.e.m.c.i.embedder.EclipseLogger - Using platform encoding (Cp1252 actually) to copy filtered resources, i.e. build is platform dependent!
2018-09-07 12:49:11,935 [Worker-5] INFO  o.e.m.c.i.embedder.EclipseLogger - skip non existing resourceDirectory C:\Users\smewl\Documents\JSF_Workspace\Project_9\JSFWebapp\src\main\resources
2018-09-07 12:49:11,936 [Worker-5] WARN  o.e.m.c.i.embedder.EclipseLogger - Using platform encoding (Cp1252 actually) to copy filtered resources, i.e. build is platform dependent!
2018-09-07 12:49:11,939 [Worker-5] INFO  o.e.m.c.i.embedder.EclipseLogger - skip non existing resourceDirectory C:\Users\smewl\Documents\JSF_Workspace\Project_9\JSFWebapp\src\test\resources
2018-09-07 12:50:47,380 [Worker-14] WARN  o.e.m.c.i.embedder.EclipseLogger - Using platform encoding (Cp1252 actually) to copy filtered resources, i.e. build is platform dependent!
2018-09-07 12:50:47,383 [Worker-14] INFO  o.e.m.c.i.embedder.EclipseLogger - skip non existing resourceDirectory C:\Users\smewl\Documents\JSF_Workspace\Project_9\JSFWebapp\src\main\resources
2018-09-07 12:50:47,384 [Worker-14] WARN  o.e.m.c.i.embedder.EclipseLogger - Using platform encoding (Cp1252 actually) to copy filtered resources, i.e. build is platform dependent!
2018-09-07 12:50:47,386 [Worker-14] INFO  o.e.m.c.i.embedder.EclipseLogger - skip non existing resourceDirectory C:\Users\smewl\Documents\JSF_Workspace\Project_9\JSFWebapp\src\test\resources
2018-09-07 12:54:46,878 [Worker-6] WARN  o.e.m.c.i.embedder.EclipseLogger - Using platform encoding (Cp1252 actually) to copy filtered resources, i.e. build is platform dependent!
2018-09-07 12:54:46,880 [Worker-6] INFO  o.e.m.c.i.embedder.EclipseLogger - skip non existing resourceDirectory C:\Users\smewl\Documents\JSF_Workspace\Project_9\JSFWebapp\src\main\resources
2018-09-07 12:54:46,881 [Worker-6] WARN  o.e.m.c.i.embedder.EclipseLogger - Using platform encoding (Cp1252 actually) to copy filtered resources, i.e. build is platform dependent!
2018-09-07 12:54:46,883 [Worker-6] INFO  o.e.m.c.i.embedder.EclipseLogger - skip non existing resourceDirectory C:\Users\smewl\Documents\JSF_Workspace\Project_9\JSFWebapp\src\test\resources
2018-09-07 12:55:56,359 [Worker-18] WARN  o.e.m.c.i.embedder.EclipseLogger - Using platform encoding (Cp1252 actually) to copy filtered resources, i.e. build is platform dependent!
2018-09-07 12:55:56,366 [Worker-18] INFO  o.e.m.c.i.embedder.EclipseLogger - skip non existing resourceDirectory C:\Users\smewl\Documents\JSF_Workspace\Project_9\JSFWebapp\src\main\resources
2018-09-07 12:55:56,370 [Worker-18] WARN  o.e.m.c.i.embedder.EclipseLogger - Using platform encoding (Cp1252 actually) to copy filtered resources, i.e. build is platform dependent!
2018-09-07 12:55:56,376 [Worker-18] INFO  o.e.m.c.i.embedder.EclipseLogger - skip non existing resourceDirectory C:\Users\smewl\Documents\JSF_Workspace\Project_9\JSFWebapp\src\test\resources
2018-09-07 12:57:02,006 [Worker-21] WARN  o.e.m.c.i.embedder.EclipseLogger - Using platform encoding (Cp1252 actually) to copy filtered resources, i.e. build is platform dependent!
2018-09-07 12:57:02,011 [Worker-21] INFO  o.e.m.c.i.embedder.EclipseLogger - skip non existing resourceDirectory C:\Users\smewl\Documents\JSF_Workspace\Project_9\JSFWebapp\src\main\resources
2018-09-07 12:57:02,013 [Worker-21] WARN  o.e.m.c.i.embedder.EclipseLogger - Using platform encoding (Cp1252 actually) to copy filtered resources, i.e. build is platform dependent!
2018-09-07 12:57:02,022 [Worker-21] INFO  o.e.m.c.i.embedder.EclipseLogger - skip non existing resourceDirectory C:\Users\smewl\Documents\JSF_Workspace\Project_9\JSFWebapp\src\test\resources
2018-09-07 12:57:49,754 [Worker-21] WARN  o.e.m.c.i.embedder.EclipseLogger - Using platform encoding (Cp1252 actually) to copy filtered resources, i.e. build is platform dependent!
2018-09-07 12:57:49,759 [Worker-21] INFO  o.e.m.c.i.embedder.EclipseLogger - skip non existing resourceDirectory C:\Users\smewl\Documents\JSF_Workspace\Project_9\JSFWebapp\src\main\resources
2018-09-07 12:57:49,762 [Worker-21] WARN  o.e.m.c.i.embedder.EclipseLogger - Using platform encoding (Cp1252 actually) to copy filtered resources, i.e. build is platform dependent!
2018-09-07 12:57:49,765 [Worker-21] INFO  o.e.m.c.i.embedder.EclipseLogger - skip non existing resourceDirectory C:\Users\smewl\Documents\JSF_Workspace\Project_9\JSFWebapp\src\test\resources
2018-09-07 12:58:31,100 [Worker-11] WARN  o.e.m.c.i.embedder.EclipseLogger - Using platform encoding (Cp1252 actually) to copy filtered resources, i.e. build is platform dependent!
2018-09-07 12:58:31,104 [Worker-11] INFO  o.e.m.c.i.embedder.EclipseLogger - skip non existing resourceDirectory C:\Users\smewl\Documents\JSF_Workspace\Project_9\JSFWebapp\src\main\resources
2018-09-07 12:58:31,104 [Worker-11] WARN  o.e.m.c.i.embedder.EclipseLogger - Using platform encoding (Cp1252 actually) to copy filtered resources, i.e. build is platform dependent!
2018-09-07 12:58:31,108 [Worker-11] INFO  o.e.m.c.i.embedder.EclipseLogger - skip non existing resourceDirectory C:\Users\smewl\Documents\JSF_Workspace\Project_9\JSFWebapp\src\test\resources
2018-09-07 12:58:54,713 [Worker-19] WARN  o.e.m.c.i.embedder.EclipseLogger - Using platform encoding (Cp1252 actually) to copy filtered resources, i.e. build is platform dependent!
2018-09-07 12:58:54,717 [Worker-19] INFO  o.e.m.c.i.embedder.EclipseLogger - skip non existing resourceDirectory C:\Users\smewl\Documents\JSF_Workspace\Project_9\JSFWebapp\src\main\resources
2018-09-07 12:58:54,719 [Worker-19] WARN  o.e.m.c.i.embedder.EclipseLogger - Using platform encoding (Cp1252 actually) to copy filtered resources, i.e. build is platform dependent!
2018-09-07 12:58:54,722 [Worker-19] INFO  o.e.m.c.i.embedder.EclipseLogger - skip non existing resourceDirectory C:\Users\smewl\Documents\JSF_Workspace\Project_9\JSFWebapp\src\test\resources
2018-09-07 12:59:11,494 [Worker-22] WARN  o.e.m.c.i.embedder.EclipseLogger - Using platform encoding (Cp1252 actually) to copy filtered resources, i.e. build is platform dependent!
2018-09-07 12:59:11,496 [Worker-22] INFO  o.e.m.c.i.embedder.EclipseLogger - skip non existing resourceDirectory C:\Users\smewl\Documents\JSF_Workspace\Project_9\JSFWebapp\src\main\resources
2018-09-07 12:59:11,498 [Worker-22] WARN  o.e.m.c.i.embedder.EclipseLogger - Using platform encoding (Cp1252 actually) to copy filtered resources, i.e. build is platform dependent!
2018-09-07 12:59:11,501 [Worker-22] INFO  o.e.m.c.i.embedder.EclipseLogger - skip non existing resourceDirectory C:\Users\smewl\Documents\JSF_Workspace\Project_9\JSFWebapp\src\test\resources
2018-09-07 12:59:47,673 [Worker-18] WARN  o.e.m.c.i.embedder.EclipseLogger - Using platform encoding (Cp1252 actually) to copy filtered resources, i.e. build is platform dependent!
2018-09-07 12:59:47,675 [Worker-18] INFO  o.e.m.c.i.embedder.EclipseLogger - skip non existing resourceDirectory C:\Users\smewl\Documents\JSF_Workspace\Project_9\JSFWebapp\src\main\resources
2018-09-07 12:59:47,677 [Worker-18] WARN  o.e.m.c.i.embedder.EclipseLogger - Using platform encoding (Cp1252 actually) to copy filtered resources, i.e. build is platform dependent!
2018-09-07 12:59:47,679 [Worker-18] INFO  o.e.m.c.i.embedder.EclipseLogger - skip non existing resourceDirectory C:\Users\smewl\Documents\JSF_Workspace\Project_9\JSFWebapp\src\test\resources
2018-09-07 13:00:13,869 [Worker-6] WARN  o.e.m.c.i.embedder.EclipseLogger - Using platform encoding (Cp1252 actually) to copy filtered resources, i.e. build is platform dependent!
2018-09-07 13:00:13,871 [Worker-6] INFO  o.e.m.c.i.embedder.EclipseLogger - skip non existing resourceDirectory C:\Users\smewl\Documents\JSF_Workspace\Project_9\JSFWebapp\src\main\resources
2018-09-07 13:00:13,872 [Worker-6] WARN  o.e.m.c.i.embedder.EclipseLogger - Using platform encoding (Cp1252 actually) to copy filtered resources, i.e. build is platform dependent!
2018-09-07 13:00:13,875 [Worker-6] INFO  o.e.m.c.i.embedder.EclipseLogger - skip non existing resourceDirectory C:\Users\smewl\Documents\JSF_Workspace\Project_9\JSFWebapp\src\test\resources
2018-09-07 13:00:58,275 [Worker-18] WARN  o.e.m.c.i.embedder.EclipseLogger - Using platform encoding (Cp1252 actually) to copy filtered resources, i.e. build is platform dependent!
2018-09-07 13:00:58,281 [Worker-18] INFO  o.e.m.c.i.embedder.EclipseLogger - skip non existing resourceDirectory C:\Users\smewl\Documents\JSF_Workspace\Project_9\JSFWebapp\src\main\resources
2018-09-07 13:00:58,286 [Worker-18] WARN  o.e.m.c.i.embedder.EclipseLogger - Using platform encoding (Cp1252 actually) to copy filtered resources, i.e. build is platform dependent!
2018-09-07 13:00:58,290 [Worker-18] INFO  o.e.m.c.i.embedder.EclipseLogger - skip non existing resourceDirectory C:\Users\smewl\Documents\JSF_Workspace\Project_9\JSFWebapp\src\test\resources
2018-09-07 13:02:52,377 [Worker-22] INFO  o.e.m.c.i.l.LifecycleMappingFactory - Using org.maven.ide.eclipse.wtp.WarLifecycleMapping lifecycle mapping for MavenProject: JSFWebapp:JSFWebapp:0.0.1-SNAPSHOT @ C:\Users\smewl\Documents\JSF_Workspace\Project_9\JSFWebapp\pom.xml.
2018-09-07 13:02:52,719 [Worker-22] INFO  o.e.m.c.i.e.AbstractTransferListenerAdapter - Downloading https://repo.maven.apache.org/maven2/com/sun/faces/jsf-api/2.2.0/jsf-api-2.2.0.pom
2018-09-07 13:02:52,767 [Worker-22] INFO  o.e.m.c.i.e.AbstractTransferListenerAdapter - Downloaded https://repo.maven.apache.org/maven2/com/sun/faces/jsf-api/2.2.0/jsf-api-2.2.0.pom
2018-09-07 13:02:52,825 [Worker-22] INFO  o.e.m.c.i.e.AbstractTransferListenerAdapter - Downloading https://repo.maven.apache.org/maven2/com/sun/faces/jsf-api/2.2.0/jsf-api-2.2.0.jar
2018-09-07 13:02:56,485 [Worker-22] INFO  o.e.m.c.i.e.AbstractTransferListenerAdapter - Downloaded https://repo.maven.apache.org/maven2/com/sun/faces/jsf-api/2.2.0/jsf-api-2.2.0.jar
2018-09-07 13:02:57,420 [Worker-22] WARN  o.e.m.c.i.embedder.EclipseLogger - Using platform encoding (Cp1252 actually) to copy filtered resources, i.e. build is platform dependent!
2018-09-07 13:02:57,422 [Worker-22] INFO  o.e.m.c.i.embedder.EclipseLogger - skip non existing resourceDirectory C:\Users\smewl\Documents\JSF_Workspace\Project_9\JSFWebapp\src\main\resources
2018-09-07 13:02:57,425 [Worker-22] WARN  o.e.m.c.i.embedder.EclipseLogger - Using platform encoding (Cp1252 actually) to copy filtered resources, i.e. build is platform dependent!
2018-09-07 13:02:57,427 [Worker-22] INFO  o.e.m.c.i.embedder.EclipseLogger - skip non existing resourceDirectory C:\Users\smewl\Documents\JSF_Workspace\Project_9\JSFWebapp\src\test\resources
2018-09-07 13:02:57,428 [Worker-22] INFO  o.e.m.w.i.f.ResourceFilteringBuildParticipant - Changed resources require a complete clean of filtered resources of JSFWebapp
2018-09-07 13:02:57,428 [Worker-22] INFO  o.e.m.w.i.f.ResourceFilteringBuildParticipant - Executing resource filtering for JSFWebapp
2018-09-07 13:02:57,432 [Worker-22] WARN  o.e.m.c.i.embedder.EclipseLogger - Using platform encoding (Cp1252 actually) to copy filtered resources, i.e. build is platform dependent!
2018-09-07 13:02:58,631 [Worker-20] WARN  o.e.m.c.i.embedder.EclipseLogger - Using platform encoding (Cp1252 actually) to copy filtered resources, i.e. build is platform dependent!
2018-09-07 13:02:58,633 [Worker-20] INFO  o.e.m.c.i.embedder.EclipseLogger - skip non existing resourceDirectory C:\Users\smewl\Documents\JSF_Workspace\Project_9\JSFWebapp\src\main\resources
2018-09-07 13:02:58,635 [Worker-20] WARN  o.e.m.c.i.embedder.EclipseLogger - Using platform encoding (Cp1252 actually) to copy filtered resources, i.e. build is platform dependent!
2018-09-07 13:02:58,637 [Worker-20] INFO  o.e.m.c.i.embedder.EclipseLogger - skip non existing resourceDirectory C:\Users\smewl\Documents\JSF_Workspace\Project_9\JSFWebapp\src\test\resources
2018-09-07 13:03:29,541 [Worker-20] INFO  o.e.m.c.i.l.LifecycleMappingFactory - Using org.maven.ide.eclipse.wtp.WarLifecycleMapping lifecycle mapping for MavenProject: JSFWebapp:JSFWebapp:0.0.1-SNAPSHOT @ C:\Users\smewl\Documents\JSF_Workspace\Project_9\JSFWebapp\pom.xml.
2018-09-07 13:03:29,953 [Worker-20] WARN  o.e.m.c.i.embedder.EclipseLogger - Using platform encoding (Cp1252 actually) to copy filtered resources, i.e. build is platform dependent!
2018-09-07 13:03:29,954 [Worker-20] INFO  o.e.m.c.i.embedder.EclipseLogger - skip non existing resourceDirectory C:\Users\smewl\Documents\JSF_Workspace\Project_9\JSFWebapp\src\main\resources
2018-09-07 13:03:29,956 [Worker-20] WARN  o.e.m.c.i.embedder.EclipseLogger - Using platform encoding (Cp1252 actually) to copy filtered resources, i.e. build is platform dependent!
2018-09-07 13:03:29,957 [Worker-20] INFO  o.e.m.c.i.embedder.EclipseLogger - skip non existing resourceDirectory C:\Users\smewl\Documents\JSF_Workspace\Project_9\JSFWebapp\src\test\resources
2018-09-07 13:03:29,959 [Worker-20] INFO  o.e.m.w.i.f.ResourceFilteringBuildParticipant - Changed resources require a complete clean of filtered resources of JSFWebapp
2018-09-07 13:03:29,959 [Worker-20] INFO  o.e.m.w.i.f.ResourceFilteringBuildParticipant - Executing resource filtering for JSFWebapp
2018-09-07 13:03:29,963 [Worker-20] WARN  o.e.m.c.i.embedder.EclipseLogger - Using platform encoding (Cp1252 actually) to copy filtered resources, i.e. build is platform dependent!
2018-09-07 13:03:31,141 [Worker-23] WARN  o.e.m.c.i.embedder.EclipseLogger - Using platform encoding (Cp1252 actually) to copy filtered resources, i.e. build is platform dependent!
2018-09-07 13:03:31,144 [Worker-23] INFO  o.e.m.c.i.embedder.EclipseLogger - skip non existing resourceDirectory C:\Users\smewl\Documents\JSF_Workspace\Project_9\JSFWebapp\src\main\resources
2018-09-07 13:03:31,146 [Worker-23] WARN  o.e.m.c.i.embedder.EclipseLogger - Using platform encoding (Cp1252 actually) to copy filtered resources, i.e. build is platform dependent!
2018-09-07 13:03:31,149 [Worker-23] INFO  o.e.m.c.i.embedder.EclipseLogger - skip non existing resourceDirectory C:\Users\smewl\Documents\JSF_Workspace\Project_9\JSFWebapp\src\test\resources
2018-09-07 13:04:12,268 [Worker-11] INFO  o.e.m.c.i.l.LifecycleMappingFactory - Using org.maven.ide.eclipse.wtp.WarLifecycleMapping lifecycle mapping for MavenProject: JSFWebapp:JSFWebapp:0.0.1-SNAPSHOT @ C:\Users\smewl\Documents\JSF_Workspace\Project_9\JSFWebapp\pom.xml.
2018-09-07 13:04:12,496 [Worker-11] INFO  o.e.m.c.i.e.AbstractTransferListenerAdapter - Downloading https://repo.maven.apache.org/maven2/com/sun/faces/jsf-impl/2.2.0/jsf-impl-2.2.0.pom
2018-09-07 13:04:12,590 [Worker-11] INFO  o.e.m.c.i.e.AbstractTransferListenerAdapter - Downloaded https://repo.maven.apache.org/maven2/com/sun/faces/jsf-impl/2.2.0/jsf-impl-2.2.0.pom
2018-09-07 13:04:12,726 [Worker-11] INFO  o.e.m.c.i.e.AbstractTransferListenerAdapter - Downloading https://repo.maven.apache.org/maven2/com/sun/faces/jsf-impl/2.2.0/jsf-impl-2.2.0.jar
2018-09-07 13:04:19,134 [Worker-11] INFO  o.e.m.c.i.e.AbstractTransferListenerAdapter - Downloaded https://repo.maven.apache.org/maven2/com/sun/faces/jsf-impl/2.2.0/jsf-impl-2.2.0.jar
2018-09-07 13:04:19,686 [Worker-11] WARN  o.e.m.c.i.embedder.EclipseLogger - Using platform encoding (Cp1252 actually) to copy filtered resources, i.e. build is platform dependent!
2018-09-07 13:04:19,687 [Worker-11] INFO  o.e.m.c.i.embedder.EclipseLogger - skip non existing resourceDirectory C:\Users\smewl\Documents\JSF_Workspace\Project_9\JSFWebapp\src\main\resources
2018-09-07 13:04:19,689 [Worker-11] WARN  o.e.m.c.i.embedder.EclipseLogger - Using platform encoding (Cp1252 actually) to copy filtered resources, i.e. build is platform dependent!
2018-09-07 13:04:19,691 [Worker-11] INFO  o.e.m.c.i.embedder.EclipseLogger - skip non existing resourceDirectory C:\Users\smewl\Documents\JSF_Workspace\Project_9\JSFWebapp\src\test\resources
2018-09-07 13:04:19,692 [Worker-11] INFO  o.e.m.w.i.f.ResourceFilteringBuildParticipant - Changed resources require a complete clean of filtered resources of JSFWebapp
2018-09-07 13:04:19,692 [Worker-11] INFO  o.e.m.w.i.f.ResourceFilteringBuildParticipant - Executing resource filtering for JSFWebapp
2018-09-07 13:04:19,696 [Worker-11] WARN  o.e.m.c.i.embedder.EclipseLogger - Using platform encoding (Cp1252 actually) to copy filtered resources, i.e. build is platform dependent!
2018-09-07 13:04:20,862 [Worker-11] WARN  o.e.m.c.i.embedder.EclipseLogger - Using platform encoding (Cp1252 actually) to copy filtered resources, i.e. build is platform dependent!
2018-09-07 13:04:20,864 [Worker-11] INFO  o.e.m.c.i.embedder.EclipseLogger - skip non existing resourceDirectory C:\Users\smewl\Documents\JSF_Workspace\Project_9\JSFWebapp\src\main\resources
2018-09-07 13:04:20,865 [Worker-11] WARN  o.e.m.c.i.embedder.EclipseLogger - Using platform encoding (Cp1252 actually) to copy filtered resources, i.e. build is platform dependent!
2018-09-07 13:04:20,869 [Worker-11] INFO  o.e.m.c.i.embedder.EclipseLogger - skip non existing resourceDirectory C:\Users\smewl\Documents\JSF_Workspace\Project_9\JSFWebapp\src\test\resources
2018-09-07 13:04:44,388 [Worker-24] INFO  o.e.m.c.i.l.LifecycleMappingFactory - Using org.maven.ide.eclipse.wtp.WarLifecycleMapping lifecycle mapping for MavenProject: JSFWebapp:JSFWebapp:0.0.1-SNAPSHOT @ C:\Users\smewl\Documents\JSF_Workspace\Project_9\JSFWebapp\pom.xml.
2018-09-07 13:04:44,831 [Worker-24] WARN  o.e.m.c.i.embedder.EclipseLogger - Using platform encoding (Cp1252 actually) to copy filtered resources, i.e. build is platform dependent!
2018-09-07 13:04:44,834 [Worker-24] INFO  o.e.m.c.i.embedder.EclipseLogger - skip non existing resourceDirectory C:\Users\smewl\Documents\JSF_Workspace\Project_9\JSFWebapp\src\main\resources
2018-09-07 13:04:44,836 [Worker-24] WARN  o.e.m.c.i.embedder.EclipseLogger - Using platform encoding (Cp1252 actually) to copy filtered resources, i.e. build is platform dependent!
2018-09-07 13:04:44,837 [Worker-24] INFO  o.e.m.c.i.embedder.EclipseLogger - skip non existing resourceDirectory C:\Users\smewl\Documents\JSF_Workspace\Project_9\JSFWebapp\src\test\resources
2018-09-07 13:04:44,839 [Worker-24] INFO  o.e.m.w.i.f.ResourceFilteringBuildParticipant - Changed resources require a complete clean of filtered resources of JSFWebapp
2018-09-07 13:04:44,839 [Worker-24] INFO  o.e.m.w.i.f.ResourceFilteringBuildParticipant - Executing resource filtering for JSFWebapp
2018-09-07 13:04:44,843 [Worker-24] WARN  o.e.m.c.i.embedder.EclipseLogger - Using platform encoding (Cp1252 actually) to copy filtered resources, i.e. build is platform dependent!
2018-09-07 13:04:46,114 [Worker-20] WARN  o.e.m.c.i.embedder.EclipseLogger - Using platform encoding (Cp1252 actually) to copy filtered resources, i.e. build is platform dependent!
2018-09-07 13:04:46,116 [Worker-20] INFO  o.e.m.c.i.embedder.EclipseLogger - skip non existing resourceDirectory C:\Users\smewl\Documents\JSF_Workspace\Project_9\JSFWebapp\src\main\resources
2018-09-07 13:04:46,117 [Worker-20] WARN  o.e.m.c.i.embedder.EclipseLogger - Using platform encoding (Cp1252 actually) to copy filtered resources, i.e. build is platform dependent!
2018-09-07 13:04:46,120 [Worker-20] INFO  o.e.m.c.i.embedder.EclipseLogger - skip non existing resourceDirectory C:\Users\smewl\Documents\JSF_Workspace\Project_9\JSFWebapp\src\test\resources
2018-09-07 13:05:07,118 [Worker-11] INFO  o.e.m.c.i.l.LifecycleMappingFactory - Using org.maven.ide.eclipse.wtp.WarLifecycleMapping lifecycle mapping for MavenProject: JSFWebapp:JSFWebapp:0.0.1-SNAPSHOT @ C:\Users\smewl\Documents\JSF_Workspace\Project_9\JSFWebapp\pom.xml.
2018-09-07 13:05:07,498 [Worker-11] WARN  o.e.m.c.i.embedder.EclipseLogger - Using platform encoding (Cp1252 actually) to copy filtered resources, i.e. build is platform dependent!
2018-09-07 13:05:07,500 [Worker-11] INFO  o.e.m.c.i.embedder.EclipseLogger - skip non existing resourceDirectory C:\Users\smewl\Documents\JSF_Workspace\Project_9\JSFWebapp\src\main\resources
2018-09-07 13:05:07,502 [Worker-11] WARN  o.e.m.c.i.embedder.EclipseLogger - Using platform encoding (Cp1252 actually) to copy filtered resources, i.e. build is platform dependent!
2018-09-07 13:05:07,503 [Worker-11] INFO  o.e.m.c.i.embedder.EclipseLogger - skip non existing resourceDirectory C:\Users\smewl\Documents\JSF_Workspace\Project_9\JSFWebapp\src\test\resources
2018-09-07 13:05:07,504 [Worker-11] INFO  o.e.m.w.i.f.ResourceFilteringBuildParticipant - Changed resources require a complete clean of filtered resources of JSFWebapp
2018-09-07 13:05:07,504 [Worker-11] INFO  o.e.m.w.i.f.ResourceFilteringBuildParticipant - Executing resource filtering for JSFWebapp
2018-09-07 13:05:07,508 [Worker-11] WARN  o.e.m.c.i.embedder.EclipseLogger - Using platform encoding (Cp1252 actually) to copy filtered resources, i.e. build is platform dependent!
2018-09-07 13:05:08,679 [Worker-22] WARN  o.e.m.c.i.embedder.EclipseLogger - Using platform encoding (Cp1252 actually) to copy filtered resources, i.e. build is platform dependent!
2018-09-07 13:05:08,682 [Worker-22] INFO  o.e.m.c.i.embedder.EclipseLogger - skip non existing resourceDirectory C:\Users\smewl\Documents\JSF_Workspace\Project_9\JSFWebapp\src\main\resources
2018-09-07 13:05:08,683 [Worker-22] WARN  o.e.m.c.i.embedder.EclipseLogger - Using platform encoding (Cp1252 actually) to copy filtered resources, i.e. build is platform dependent!
2018-09-07 13:05:08,686 [Worker-22] INFO  o.e.m.c.i.embedder.EclipseLogger - skip non existing resourceDirectory C:\Users\smewl\Documents\JSF_Workspace\Project_9\JSFWebapp\src\test\resources
2018-09-07 13:05:22,746 [Worker-19] INFO  o.e.m.c.i.p.ProjectConfigurationManager - Update started
2018-09-07 13:05:23,143 [Worker-19] INFO  o.e.m.c.i.l.LifecycleMappingFactory - Using org.maven.ide.eclipse.wtp.WarLifecycleMapping lifecycle mapping for MavenProject: JSFWebapp:JSFWebapp:0.0.1-SNAPSHOT @ C:\Users\smewl\Documents\JSF_Workspace\Project_9\JSFWebapp\pom.xml.
2018-09-07 13:05:23,492 [Worker-19] INFO  o.e.m.j.i.AbstractJavaProjectConfigurator - Not adding source folder /JSFWebapp/src/main/java because it overlaps with /JSFWebapp/src
2018-09-07 13:05:23,493 [Worker-19] INFO  o.e.m.j.i.AbstractJavaProjectConfigurator - Not adding source folder /JSFWebapp/src/test/java because it overlaps with /JSFWebapp/src
2018-09-07 13:05:23,685 [Worker-19] ERROR o.e.m2e.wtp.WTPProjectConfigurator - Unable to configure JSFWebapp
org.eclipse.m2e.wtp.MarkedException: Unable to configure JSFWebapp
	at org.eclipse.m2e.wtp.AbstractProjectConfiguratorDelegate.configureProject(AbstractProjectConfiguratorDelegate.java:99) ~[na:na]
	at org.eclipse.m2e.wtp.WTPProjectConfigurator.configure(WTPProjectConfigurator.java:68) ~[na:na]
	at org.eclipse.m2e.core.project.configurator.AbstractLifecycleMapping.configure(AbstractLifecycleMapping.java:120) [org.eclipse.m2e.core_1.8.3.20180227-2137.jar:na]
	at org.eclipse.m2e.core.internal.project.ProjectConfigurationManager$3.call(ProjectConfigurationManager.java:508) [org.eclipse.m2e.core_1.8.3.20180227-2137.jar:na]
	at org.eclipse.m2e.core.internal.project.ProjectConfigurationManager$3.call(ProjectConfigurationManager.java:1) [org.eclipse.m2e.core_1.8.3.20180227-2137.jar:na]
	at org.eclipse.m2e.core.internal.embedder.MavenExecutionContext.executeBare(MavenExecutionContext.java:177) [org.eclipse.m2e.core_1.8.3.20180227-2137.jar:na]
	at org.eclipse.m2e.core.internal.embedder.MavenExecutionContext.execute(MavenExecutionContext.java:151) [org.eclipse.m2e.core_1.8.3.20180227-2137.jar:na]
	at org.eclipse.m2e.core.internal.project.ProjectConfigurationManager.updateProjectConfiguration(ProjectConfigurationManager.java:501) [org.eclipse.m2e.core_1.8.3.20180227-2137.jar:na]
	at org.eclipse.m2e.core.internal.project.ProjectConfigurationManager.updateProjectConfiguration0(ProjectConfigurationManager.java:439) [org.eclipse.m2e.core_1.8.3.20180227-2137.jar:na]
	at org.eclipse.m2e.core.internal.project.ProjectConfigurationManager$2.call(ProjectConfigurationManager.java:352) [org.eclipse.m2e.core_1.8.3.20180227-2137.jar:na]
	at org.eclipse.m2e.core.internal.project.ProjectConfigurationManager$2.call(ProjectConfigurationManager.java:1) [org.eclipse.m2e.core_1.8.3.20180227-2137.jar:na]
	at org.eclipse.m2e.core.internal.embedder.MavenExecutionContext.executeBare(MavenExecutionContext.java:177) [org.eclipse.m2e.core_1.8.3.20180227-2137.jar:na]
	at org.eclipse.m2e.core.internal.embedder.MavenExecutionContext.execute(MavenExecutionContext.java:151) [org.eclipse.m2e.core_1.8.3.20180227-2137.jar:na]
	at org.eclipse.m2e.core.internal.embedder.MavenExecutionContext.execute(MavenExecutionContext.java:99) [org.eclipse.m2e.core_1.8.3.20180227-2137.jar:na]
	at org.eclipse.m2e.core.internal.embedder.MavenImpl.execute(MavenImpl.java:1351) [org.eclipse.m2e.core_1.8.3.20180227-2137.jar:na]
	at org.eclipse.m2e.core.internal.project.ProjectConfigurationManager.updateProjectConfiguration(ProjectConfigurationManager.java:349) [org.eclipse.m2e.core_1.8.3.20180227-2137.jar:na]
	at org.eclipse.m2e.core.ui.internal.UpdateMavenProjectJob.runInWorkspace(UpdateMavenProjectJob.java:77) [org.eclipse.m2e.core.ui_1.8.3.20180227-2137.jar:na]
	at org.eclipse.core.internal.resources.InternalWorkspaceJob.run(InternalWorkspaceJob.java:39) [org.eclipse.core.resources_3.12.0.v20170417-1558.jar:na]
	at org.eclipse.core.internal.jobs.Worker.run(Worker.java:56) [org.eclipse.core.jobs_3.9.3.v20180115-1757.jar:na]
Caused by: org.eclipse.core.runtime.CoreException: One or more constraints have not been satisfied.
	at org.eclipse.wst.common.project.facet.core.internal.FacetedProject.modifyInternal(FacetedProject.java:363) ~[na:na]
	at org.eclipse.wst.common.project.facet.core.internal.FacetedProject.mergeChangesInternal(FacetedProject.java:1181) ~[na:na]
	at org.eclipse.wst.common.project.facet.core.internal.FacetedProject.access$2(FacetedProject.java:1117) ~[na:na]
	at org.eclipse.wst.common.project.facet.core.internal.FacetedProject$1.run(FacetedProject.java:324) ~[na:na]
	at org.eclipse.core.internal.resources.Workspace.run(Workspace.java:2240) ~[org.eclipse.core.resources_3.12.0.v20170417-1558.jar:na]
	at org.eclipse.core.internal.resources.Workspace.run(Workspace.java:2267) ~[org.eclipse.core.resources_3.12.0.v20170417-1558.jar:na]
	at org.eclipse.wst.common.project.facet.core.internal.FacetedProject.modify(FacetedProject.java:339) ~[na:na]
	at org.eclipse.m2e.wtp.WebProjectConfiguratorDelegate.configure(WebProjectConfiguratorDelegate.java:136) ~[na:na]
	at org.eclipse.m2e.wtp.AbstractProjectConfiguratorDelegate.configureProject(AbstractProjectConfiguratorDelegate.java:95) ~[na:na]
	... 18 common frames omitted
2018-09-07 13:05:23,805 [Worker-19] INFO  o.e.m.w.i.f.ResourceFilteringBuildParticipant - Cleaning filtered folder for JSFWebapp
2018-09-07 13:05:23,813 [Worker-19] INFO  o.e.m.c.i.p.ProjectConfigurationManager - Update completed: 1 sec
2018-09-07 13:05:23,996 [Worker-17] WARN  o.e.m.c.i.embedder.EclipseLogger - Using platform encoding (Cp1252 actually) to copy filtered resources, i.e. build is platform dependent!
2018-09-07 13:05:23,998 [Worker-17] INFO  o.e.m.c.i.embedder.EclipseLogger - skip non existing resourceDirectory C:\Users\smewl\Documents\JSF_Workspace\Project_9\JSFWebapp\src\main\resources
2018-09-07 13:05:24,000 [Worker-17] WARN  o.e.m.c.i.embedder.EclipseLogger - Using platform encoding (Cp1252 actually) to copy filtered resources, i.e. build is platform dependent!
2018-09-07 13:05:24,001 [Worker-17] INFO  o.e.m.c.i.embedder.EclipseLogger - skip non existing resourceDirectory C:\Users\smewl\Documents\JSF_Workspace\Project_9\JSFWebapp\src\test\resources
2018-09-07 13:05:24,002 [Worker-17] INFO  o.e.m.w.i.f.ResourceFilteringBuildParticipant - Changed resources require a complete clean of filtered resources of JSFWebapp
2018-09-07 13:05:24,002 [Worker-17] INFO  o.e.m.w.i.f.ResourceFilteringBuildParticipant - Executing resource filtering for JSFWebapp
2018-09-07 13:05:24,006 [Worker-17] WARN  o.e.m.c.i.embedder.EclipseLogger - Using platform encoding (Cp1252 actually) to copy filtered resources, i.e. build is platform dependent!
2018-09-07 13:06:02,578 [Worker-17] WARN  o.e.m.c.i.embedder.EclipseLogger - Using platform encoding (Cp1252 actually) to copy filtered resources, i.e. build is platform dependent!
2018-09-07 13:06:02,580 [Worker-17] INFO  o.e.m.c.i.embedder.EclipseLogger - skip non existing resourceDirectory C:\Users\smewl\Documents\JSF_Workspace\Project_9\JSFWebapp\src\main\resources
2018-09-07 13:06:02,583 [Worker-17] WARN  o.e.m.c.i.embedder.EclipseLogger - Using platform encoding (Cp1252 actually) to copy filtered resources, i.e. build is platform dependent!
2018-09-07 13:06:02,585 [Worker-17] INFO  o.e.m.c.i.embedder.EclipseLogger - skip non existing resourceDirectory C:\Users\smewl\Documents\JSF_Workspace\Project_9\JSFWebapp\src\test\resources
2018-09-07 13:07:20,058 [Worker-17] WARN  o.e.m.c.i.embedder.EclipseLogger - Using platform encoding (Cp1252 actually) to copy filtered resources, i.e. build is platform dependent!
2018-09-07 13:07:20,061 [Worker-17] INFO  o.e.m.c.i.embedder.EclipseLogger - skip non existing resourceDirectory C:\Users\smewl\Documents\JSF_Workspace\Project_9\JSFWebapp\src\main\resources
2018-09-07 13:07:20,065 [Worker-17] WARN  o.e.m.c.i.embedder.EclipseLogger - Using platform encoding (Cp1252 actually) to copy filtered resources, i.e. build is platform dependent!
2018-09-07 13:07:20,067 [Worker-17] INFO  o.e.m.c.i.embedder.EclipseLogger - skip non existing resourceDirectory C:\Users\smewl\Documents\JSF_Workspace\Project_9\JSFWebapp\src\test\resources
2018-09-07 13:14:59,852 [main] INFO  o.e.m2e.actions.ExecutePomAction - Creating new launch configuration
2018-09-07 13:15:09,577 [Worker-11] INFO  o.e.m.i.launch.MavenLaunchDelegate - C:\Users\smewl\Documents\JSF_Workspace\Project_9\JSFWebapp
2018-09-07 13:15:09,579 [Worker-11] INFO  o.e.m.i.launch.MavenLaunchDelegate -  mvn -B clean
2018-09-07 13:15:30,763 [main] INFO  o.e.m2e.actions.ExecutePomAction - Using existing launch configuration
2018-09-07 13:15:30,813 [Worker-20] INFO  o.e.m.i.launch.MavenLaunchDelegate - C:\Users\smewl\Documents\JSF_Workspace\Project_9\JSFWebapp
2018-09-07 13:15:30,815 [Worker-20] INFO  o.e.m.i.launch.MavenLaunchDelegate -  mvn -B clean
2018-09-07 13:17:08,825 [Worker-11] WARN  o.e.m.c.i.embedder.EclipseLogger - Using platform encoding (Cp1252 actually) to copy filtered resources, i.e. build is platform dependent!
2018-09-07 13:17:08,833 [Worker-11] INFO  o.e.m.c.i.embedder.EclipseLogger - skip non existing resourceDirectory C:\Users\smewl\Documents\JSF_Workspace\Project_9\JSFWebapp\src\main\resources
2018-09-07 13:17:08,836 [Worker-11] WARN  o.e.m.c.i.embedder.EclipseLogger - Using platform encoding (Cp1252 actually) to copy filtered resources, i.e. build is platform dependent!
2018-09-07 13:17:08,841 [Worker-11] INFO  o.e.m.c.i.embedder.EclipseLogger - skip non existing resourceDirectory C:\Users\smewl\Documents\JSF_Workspace\Project_9\JSFWebapp\src\test\resources
2018-09-07 13:17:12,789 [Worker-11] WARN  o.e.m.c.i.embedder.EclipseLogger - Using platform encoding (Cp1252 actually) to copy filtered resources, i.e. build is platform dependent!
2018-09-07 13:17:12,794 [Worker-11] INFO  o.e.m.c.i.embedder.EclipseLogger - skip non existing resourceDirectory C:\Users\smewl\Documents\JSF_Workspace\Project_9\JSFWebapp\src\main\resources
2018-09-07 13:17:12,795 [Worker-11] WARN  o.e.m.c.i.embedder.EclipseLogger - Using platform encoding (Cp1252 actually) to copy filtered resources, i.e. build is platform dependent!
2018-09-07 13:17:12,801 [Worker-11] INFO  o.e.m.c.i.embedder.EclipseLogger - skip non existing resourceDirectory C:\Users\smewl\Documents\JSF_Workspace\Project_9\JSFWebapp\src\test\resources
2018-09-07 13:18:13,943 [Worker-22] WARN  o.e.m.c.i.embedder.EclipseLogger - Using platform encoding (Cp1252 actually) to copy filtered resources, i.e. build is platform dependent!
2018-09-07 13:18:13,948 [Worker-22] INFO  o.e.m.c.i.embedder.EclipseLogger - skip non existing resourceDirectory C:\Users\smewl\Documents\JSF_Workspace\Project_9\JSFWebapp\src\main\resources
2018-09-07 13:18:13,954 [Worker-22] WARN  o.e.m.c.i.embedder.EclipseLogger - Using platform encoding (Cp1252 actually) to copy filtered resources, i.e. build is platform dependent!
2018-09-07 13:18:13,958 [Worker-22] INFO  o.e.m.c.i.embedder.EclipseLogger - skip non existing resourceDirectory C:\Users\smewl\Documents\JSF_Workspace\Project_9\JSFWebapp\src\test\resources
